Base path: C:/Program Files (x86)/Unity/Editor/Data
Pipe name: \\.\pipe\UnityShaderCompiler-1-4200
Cmd: getPlatforms
Cmd: preprocess
  insize=2022 outsize=638 ok=1
Cmd: compileSnippet
  api=1 type=0 insize=1630 outsize=269 kw= ok=1
Cmd: compileSnippet
  api=1 type=1 insize=1630 outsize=674 kw= ok=1
Cmd: preprocess
  insize=5333 outsize=2168 ok=1
Cmd: compileSnippet
  api=1 type=0 insize=3341 outsize=449 kw=WATER_REFRACTIVE ok=1
Cmd: compileSnippet
  api=1 type=1 insize=3341 outsize=810 kw=WATER_REFRACTIVE ok=1
Cmd: preprocess
  insize=2172 outsize=624 ok=1
Cmd: compileSnippet
  api=1 type=0 insize=1805 outsize=211 kw= ok=1
Cmd: compileSnippet
  api=1 type=1 insize=1805 outsize=576 kw= ok=1
Cmd: preprocess
  insize=1511 outsize=581 ok=1
Cmd: compileSnippet
  api=1 type=0 insize=1189 outsize=299 kw= ok=1
Cmd: compileSnippet
  api=1 type=1 insize=1189 outsize=286 kw= ok=1
Cmd: preprocess
  insize=9251 outsize=1204 ok=1
Cmd: compileSnippet
  api=1 type=0 insize=3505 outsize=204 kw= ok=1
Cmd: compileSnippet
  api=1 type=1 insize=3505 outsize=4188 kw= ok=1
Cmd: compileSnippet
  api=1 type=0 insize=3771 outsize=204 kw= ok=1
Cmd: compileSnippet
  api=1 type=1 insize=3771 outsize=6952 kw= ok=1
Cmd: compileSnippet
  api=1 type=0 insize=4275 outsize=204 kw= ok=1
Cmd: compileSnippet
  api=1 type=1 insize=4275 outsize=12477 kw= ok=1
Cmd: compileSnippet
  api=1 type=0 insize=4664 outsize=169 kw= ok=1
Cmd: compileSnippet
  api=1 type=1 insize=4664 outsize=1336 kw= ok=1
Cmd: compileSnippet
  api=1 type=0 insize=3501 outsize=249 kw= ok=1
Cmd: compileSnippet
  api=1 type=1 insize=3501 outsize=160 kw= ok=1
Cmd: preprocess
  insize=1773 outsize=674 ok=1
Cmd: compileSnippet
  api=1 type=0 insize=1354 outsize=297 kw= ok=1
Cmd: compileSnippet
  api=1 type=1 insize=1354 outsize=265 kw= ok=1
Cmd: preprocess
  insize=1729 outsize=630 ok=1
Cmd: compileSnippet
  api=1 type=0 insize=1355 outsize=269 kw= ok=1
Cmd: compileSnippet
  api=1 type=1 insize=1355 outsize=327 kw= ok=1
Cmd: preprocess
  insize=1277 outsize=473 ok=1
Cmd: compileSnippet
  api=1 type=0 insize=1066 outsize=137 kw= ok=1
Cmd: compileSnippet
  api=1 type=1 insize=1066 outsize=352 kw= ok=1
Cmd: preprocess
  insize=1558 outsize=547 ok=1
Cmd: compileSnippet
  api=1 type=0 insize=1265 outsize=245 kw= ok=1
Cmd: compileSnippet
  api=1 type=1 insize=1265 outsize=652 kw= ok=1
Cmd: preprocess
  insize=652 outsize=1398 ok=1
Cmd: compileSnippet
  api=1 type=0 insize=4313 outsize=595 kw=DIRECTIONAL SHADOWS_OFF LIGHTMAP_OFF DIRLIGHTMAP_OFF ok=1
Cmd: compileSnippet
  api=1 type=1 insize=4313 outsize=373 kw=DIRECTIONAL SHADOWS_OFF LIGHTMAP_OFF DIRLIGHTMAP_OFF ok=1
Cmd: compileSnippet
  api=1 type=0 insize=2339 outsize=383 kw=POINT ok=1
Cmd: compileSnippet
  api=1 type=1 insize=2339 outsize=500 kw=POINT ok=1
Cmd: compileSnippet
  api=1 type=0 insize=1998 outsize=235 kw= ok=1
Cmd: compileSnippet
  api=1 type=1 insize=1998 outsize=260 kw= ok=1
Cmd: compileSnippet
  api=1 type=0 insize=4048 outsize=639 kw=LIGHTMAP_OFF DIRLIGHTMAP_OFF HDR_LIGHT_PREPASS_OFF ok=1
Cmd: compileSnippet
  api=1 type=1 insize=4048 outsize=351 kw=LIGHTMAP_OFF DIRLIGHTMAP_OFF HDR_LIGHT_PREPASS_OFF ok=1
Cmd: preprocess
  insize=889 outsize=396 ok=1
Cmd: compileSnippet
  api=1 type=0 insize=773 outsize=211 kw= ok=1
Cmd: compileSnippet
  api=1 type=1 insize=773 outsize=188 kw= ok=1
Cmd: preprocess
  insize=734 outsize=494 ok=1
Cmd: compileSnippet
  api=1 type=0 insize=528 outsize=211 kw= ok=1
Cmd: compileSnippet
  api=1 type=1 insize=528 outsize=220 kw= ok=1
Cmd: preprocess
  insize=623 outsize=623 ok=1
Cmd: preprocess
  insize=873 outsize=447 ok=1
Cmd: compileSnippet
  api=1 type=0 insize=709 outsize=211 kw= ok=1
Cmd: compileSnippet
  api=1 type=1 insize=709 outsize=203 kw= ok=1
Cmd: preprocess
  error: 1 plat 15 at (100): Compiling shaders to OpenGL ES 2.0, Xbox 360, PS3, Flash or DX11 requires both vertex and fragment programs
  insize=2780 outsize=1538 ok=1
Cmd: compileSnippet
  api=1 type=0 insize=1301 outsize=542 kw= ok=1
Cmd: compileSnippet
  api=1 type=1 insize=1301 outsize=336 kw= ok=1
Cmd: compileSnippet
  api=1 type=0 insize=1134 outsize=542 kw= ok=1
Cmd: preprocess
  insize=487 outsize=487 ok=1
Cmd: preprocess
  insize=941 outsize=317 ok=1
Cmd: compileSnippet
  api=1 type=0 insize=894 outsize=132 kw= ok=1
Cmd: compileSnippet
  api=1 type=1 insize=894 outsize=262 kw= ok=1
Cmd: preprocess
  insize=1406 outsize=783 ok=1
Cmd: compileSnippet
  api=1 type=0 insize=893 outsize=237 kw= ok=1
Cmd: compileSnippet
  api=1 type=1 insize=893 outsize=136 kw= ok=1
Cmd: preprocess
  insize=666 outsize=666 ok=1
